<?xml version="1.0" encoding="UTF-8"?>
<testng-results skipped="0" failed="0" total="2" passed="2">
  <reporter-output>
  </reporter-output>
  <suite name="Default suite" duration-ms="38" started-at="2021-03-11T10:34:41Z" finished-at="2021-03-11T10:34:42Z">
    <groups>
    </groups>
    <test name="Default test" duration-ms="38" started-at="2021-03-11T10:34:41Z" finished-at="2021-03-11T10:34:42Z">
      <class name="com.nabhoware.test.Sampleprogram">
        <test-method status="PASS" signature="Createcontact()[pri:0, instance:com.nabhoware.test.Sampleprogram@7c16905e]" name="Createcontact" duration-ms="11" started-at="2021-03-11T16:04:42Z" finished-at="2021-03-11T16:04:42Z">
          <reporter-output>
          </reporter-output>
        </test-method> <!-- Createcontact -->
        <test-method status="PASS" signature="Createcontactwithmob()[pri:0, instance:com.nabhoware.test.Sampleprogram@7c16905e]" name="Createcontactwithmob" duration-ms="1" started-at="2021-03-11T16:04:42Z" finished-at="2021-03-11T16:04:42Z">
          <reporter-output>
          </reporter-output>
        </test-method> <!-- Createcontactwithmob -->
      </class> <!-- com.nabhoware.test.Sampleprogram -->
    </test> <!-- Default test -->
  </suite> <!-- Default suite -->
</testng-results>
